
 
Copyright (C) 2002-2020 Cadence Design Systems Inc. All Rights Reserved. 
Cadence and the Cadence logo are registered trademarks and Modus is a trademark 
of Cadence Design Systems, Inc. in the United States and other countries.

Type 'help legal_notices' for third party license notices. 
Version : 20.12-s002_1, built Feb 26 2021 (linux26_64)
Options : -f ./test_scripts/runmodus.atpg.tcl
Date    : Wed, May 08 16:58:48 2024
Host    : centos.localdomain (x86_64 Linux 4.18.0-408.el8.x86_64) (6*Intel(R) Core(TM) i5-8400 CPU @ 2.80GHz 9216KB)
OS      : CentOS Stream release 8
#@ Processing -files option
@modus:root:/ 1>  source ./test_scripts/runmodus.atpg.tcl
#@ Begin verbose source ./test_scripts/runmodus.atpg.tcl
@file(./test_scripts/runmodus.atpg.tcl) 13: set_db workdir ./test_scripts;
@file(./test_scripts/runmodus.atpg.tcl) 14: set   WORKDIR [get_db workdir]
@file(./test_scripts/runmodus.atpg.tcl) 17: set_option stdout     summary;                                # Only print a summary for each command to the terminal
@file(./test_scripts/runmodus.atpg.tcl) 19: set ::env(CDS_LIC_REPORT) yes
@file(./test_scripts/runmodus.atpg.tcl) 21: source  $::env(Install_Dir)/bin/64bit/test_checks.tcl;    # Load test_checks.tcl from Modus installation - provides check_log below
#@ Begin verbose source /home/installs/MODUS201/tools.lnx86/tb/bin/64bit/test_checks.tcl
@file(/home/installs/MODUS201/tools.lnx86/tb/bin/64bit/test_checks.tcl) 4: proc check_log {infile}  {

    global STOP_ON_MSG_SEV
    global LOGDIR

    set SEPARATOR "-------------------------------------------------------------------------------"

    puts $SEPARATOR

    if { [info exists LOGDIR] } {
       # Get LOGDIR from global variable - Do Nothing
    } else {
       # Default value
       set LOGDIR [get_db workdir]/testresults/logs
    }

    if { [info exists STOP_ON_MSG_SEV] } {
       # Get STOP_ON_MSG_SEV from global variable

       # Verify set to valid value
        if { $STOP_ON_MSG_SEV eq "ERROR" } {
           # Continue Valid
       } elseif { $STOP_ON_MSG_SEV eq "WARNING_SEVERE" } {
          # Continue Valid
       } elseif { $STOP_ON_MSG_SEV eq "WARNING" } {
          # Continue Valid
       } else {
          puts "ERROR: Global variable STOP_ON_MSG_SEV set to invalid value $STOP_ON_MSG_SEV. Valid values are WARNING, WARNING_SEVERE, or ERROR."
          exit -1
       }

    } else {
       # Do Nothing if global variable not set
       puts "WARNING: check_log proc is ignored. STOP_ON_MSG_SEV not set. "
       return 0
    }


   puts "Checking Log: $infile"

   if [ file exists $LOGDIR/$infile ] {
      #---------------------------------------------------
      # tac   - Print file in reverse to allow only looking at last log if appended
      # sed   - Stop printing when (TDA-009) found. Used to identify start of last log if logs are appended
      # egrep - Lines conntaining "ERROR (???-???): ?..."
      #
      # egrep/grep uses its exit status to indicate presence/absence of a match. If no matches the exit status is 1
      # Tcl's exec treats any non-zero exist status as an execption.
      # Therfore a catch is used to store the results in a variable.
      #
      # Do not look for "ERROR" at start of line because "-log summary" includes only a summary which includes the number of messages first.
      # The space detailed characters in the search string are intended to prevent detecting design nodes containing the string.
      #---------------------------------------------------

      # Always check for Errors (always stop on errors)
      # matchStatus = 0 if command succeeded = found a match for egrep
      set matchStatus [catch {exec tac $LOGDIR/$infile | sed -e {/(TDA-009):/q} | egrep {ERROR \([A-Z]+-[0-9]+\): .+}}]
      if {$matchStatus == 0} {
         puts "ERROR found. STOP_ON_MSG_SEVERITY exceeded. Processing Terminated."
         exit -1
      }
      #--------------------------------------------------
      # Check for Warning Severe if set to WARNING_SEVERE or WARNING (otherwise don't stop)
      if {($STOP_ON_MSG_SEV eq "WARNING_SEVERE") || ($STOP_ON_MSG_SEV eq "WARNING")} {
         set matchStatus [catch {exec tac $LOGDIR/$infile | sed -e {/(TDA-009):/q} | egrep {WARNING \([A-Z]+-[0-9]+\): \[Severe\] .+}}]
         if {$matchStatus == 0} {
            puts "WARNING \[Severe\] found. STOP_ON_MSG_SEVERITY exceeded. Processing Terminated."
            exit -1
         }
      }
      #---------------------------------------------------
      # Check for Warning if set to Warning (otherwise don't stop)
      if {$STOP_ON_MSG_SEV eq "WARNING"} {
         set matchStatus [catch {exec tac $LOGDIR/$infile | sed -e {/(TDA-009):/q} | egrep {WARNING \([A-Z]+-[0-9]+\): .+}}]
         if {$matchStatus == 0} {
            puts "WARNING found. STOP_ON_MSG_SEVERITY exceeded. Processing Terminated."
            exit -1
         }
      }
      #---------------------------------------------------
      # STOP_ON_MSG_SEV not exceeded, continue processing
      puts "STOP_ON_MSG_SEVERITY not exceeded. Processing Continues."
      puts $SEPARATOR
      return 0

   } else {
       puts "ERROR: check_log unable to find specified log at $LOGDIR/$infile"
       exit -1
   }

}
#@ End verbose source /home/installs/MODUS201/tools.lnx86/tb/bin/64bit/test_checks.tcl
@file(./test_scripts/runmodus.atpg.tcl) 22: set STOP_ON_MSG_SEV ERROR;                                # Messagee severity for check_log to stop at (ERROR, WARNING_SEVERE, WARNING)
@file(./test_scripts/runmodus.atpg.tcl) 23: set LOGDIR          $WORKDIR/testresults/logs;            # Location of logs for check_log
@file(./test_scripts/runmodus.atpg.tcl) 25: file delete -force $WORKDIR/tbdata;                       # Delete Test Database
@file(./test_scripts/runmodus.atpg.tcl) 26: file delete -force $WORKDIR/testresults;                  # Delete Test Output Files/Logs
@file(./test_scripts/runmodus.atpg.tcl) 33: build_model \
    -cell	 adder \
    -techlib	 ../lib/slow_vdd1v0_basiccells.v \
    -designsource	 $WORKDIR/adder.test_netlist.v \
    -allowmissingmodules	 no \

check_log log_build_model
INFO (TUI-772): The command 'build_model' will release the currently acquired resources. Please set the context and circuit state after completion of the command. [end TUI_772] 

sh: /home/installs/MODUS201/tools.lnx86/bin/64bit/lmhostid: No such file or directory
Starting Command: build_model 
INFO (TDA-014): Cadence(R) Modus(TM) DFT Software Solution, Version 20.12-s002_1, built Feb 26 2021 (linux26_64) [end TDA_014]
INFO (TDA-009): Options/Values information.
            (options marked with '*' have program generated values,
             options marked with '+' were specified to default.)

            -WORKDIR /home/VLSI/new/synthesis/test_scripts

            -designtop adder
            -TECHLIB ../lib/slow_vdd1v0_basiccells.v
            -LOGFILE /home/VLSI/new/synthesis/test_scripts/testresults/logs/log_build_model_050824165849-356912000
            -STDOUT summary
            -DESIGNSOURCE /home/VLSI/new/synthesis/test_scripts/adder.test_netlist.v
          + -allowmissingmodules no
[end TDA_009]


-------------------------------------------------------------------------------
*                      Message Summary                                        *
-------------------------------------------------------------------------------
 Count  Number             First Instance of Message Text
------- ------             ------------------------------

  INFO Messages...
      1 INFO (TEI-195): Build Model - Controller starting:  
      1 INFO (TEI-196): Build Model - Hierarchical Model Build starting:  
      1 INFO (TEI-197): Build Model - Hierarchical Model Build completed.  
      1 INFO (TEI-198): Build Model - Flat Model Build starting:  
      1 INFO (TEI-199): Build Model - Flat Model Build completed.   
      1 INFO (TEI-200): Build Model - Controller completed.  
      1 INFO (TFW-117): Modus checked out a Modus_Test license.   
      1 INFO (TFW-119): Modus checked in a Modus_Test license.   
      1 INFO (TLM-055): Design Summary

  WARNING Messages...
      1 WARNING (TLM-117): TIEX is generated for sourceless net 'scan_out' in 'cell adder' based on input option 'defaultTIE' set to 'X'.   

 For a detailed explanation of a message and a suggested user response execute 'msgHelp <message id>'.  For example: msgHelp TDA-009

-------------------------------------------------------------------------------
-------------------------------------------------------------------------------
Checking Log: log_build_model
STOP_ON_MSG_SEVERITY not exceeded. Processing Continues.
-------------------------------------------------------------------------------
@file(./test_scripts/runmodus.atpg.tcl) 44: build_testmode \
    -testmode	 ASSUMED \
    -assignfile	 $WORKDIR/adder.ASSUMED.pinassign \
    -modedef	 test.modedef \
    -modedefpath	 $WORKDIR \
    -excludelatchfile	 $WORKDIR/test.exclude \
 
sh: /home/installs/MODUS201/tools.lnx86/bin/64bit/lmhostid: No such file or directory
Starting Command: build_testmode 
INFO (TDA-014): Cadence(R) Modus(TM) DFT Software Solution, Version 20.12-s002_1, built Feb 26 2021 (linux26_64) [end TDA_014]
INFO (TDA-009): Options/Values information.
            (options marked with '*' have program generated values,
             options marked with '+' were specified to default.)

            -WORKDIR /home/VLSI/new/synthesis/test_scripts
            -TESTMODE ASSUMED

            -ASSIGNFILE /home/VLSI/new/synthesis/test_scripts/adder.ASSUMED.pinassign
            -excludelatchfile /home/VLSI/new/synthesis/test_scripts/test.exclude
            -LOGFILE /home/VLSI/new/synthesis/test_scripts/testresults/logs/log_build_testmode_ASSUMED_050824165851-848519000
            -MODEDEF test.modedef
            -MODEDEFPATH /home/VLSI/new/synthesis/test_scripts
            -STDOUT summary
[end TDA_009]


-------------------------------------------------------------------------------
*                      Message Summary                                        *
-------------------------------------------------------------------------------
 Count  Number             First Instance of Message Text
------- ------             ------------------------------

  INFO Messages...
      1 INFO (TFW-117): Modus checked out a Modus_Test license.   
      1 INFO (TFW-119): Modus checked in a Modus_Test license.   
      1 INFO (THM-814): Testmode contains 88.24% active logic, 11.76% inactive logic and  0.00% constraint logic.    
      1 INFO (TTM-391): A default modeinit sequence will be generated.    

  WARNING Messages...
      1 WARNING (TTM-347): There is less than 96 percent active logic in this test mode.  Global fault
      1 WARNING (TTM-809): Test mode ASSUMED has been created, WARNINGs have been generated -

 For a detailed explanation of a message and a suggested user response execute 'msgHelp <message id>'.  For example: msgHelp TDA-009

-------------------------------------------------------------------------------
@file(./test_scripts/runmodus.atpg.tcl) 51: check_log log_build_testmode_ASSUMED
-------------------------------------------------------------------------------
Checking Log: log_build_testmode_ASSUMED
STOP_ON_MSG_SEVERITY not exceeded. Processing Continues.
-------------------------------------------------------------------------------
@file(./test_scripts/runmodus.atpg.tcl) 56: report_test_structures \
    -testmode	 ASSUMED \
    -reportscanchain	 all \
 
Starting Command: report_test_structures 
INFO (TDA-014): Cadence(R) Modus(TM) DFT Software Solution, Version 20.12-s002_1, built Feb 26 2021 (linux26_64) [end TDA_014]
INFO (TDA-009): Options/Values information.
            (options marked with '*' have program generated values,
             options marked with '+' were specified to default.)

            -WORKDIR /home/VLSI/new/synthesis/test_scripts
            -TESTMODE ASSUMED

            -LOGFILE /home/VLSI/new/synthesis/test_scripts/testresults/logs/log_report_test_structures_ASSUMED_050824165853-323591000
            -STDOUT summary
            -reportscanchain all
[end TDA_009]


-------------------------------------------------------------------------------
*                      Message Summary                                        *
-------------------------------------------------------------------------------
 Count  Number             First Instance of Message Text
------- ------             ------------------------------

  INFO Messages...
      1 INFO (TFW-117): Modus checked out a Modus_Test license.   
      1 INFO (TFW-119): Modus checked in a Modus_Test license.   
      1 INFO (TLM-055): Design Summary

 For a detailed explanation of a message and a suggested user response execute 'msgHelp <message id>'.  For example: msgHelp TDA-009

-------------------------------------------------------------------------------
@file(./test_scripts/runmodus.atpg.tcl) 60: check_log log_report_test_structures_ASSUMED
-------------------------------------------------------------------------------
Checking Log: log_report_test_structures_ASSUMED
STOP_ON_MSG_SEVERITY not exceeded. Processing Continues.
-------------------------------------------------------------------------------
@file(./test_scripts/runmodus.atpg.tcl) 65: verify_test_structures \
    -messagecount	 TSV-016=10,TSV-024=10,TSV-315=10,TSV-027=10 \
    -testmode	 ASSUMED \
 
Starting Command: verify_test_structures 
INFO (TDA-014): Cadence(R) Modus(TM) DFT Software Solution, Version 20.12-s002_1, built Feb 26 2021 (linux26_64) [end TDA_014]
INFO (TDA-009): Options/Values information.
            (options marked with '*' have program generated values,
             options marked with '+' were specified to default.)

            -WORKDIR /home/VLSI/new/synthesis/test_scripts
            -TESTMODE ASSUMED

            -messagecount TSV-016=10,TSV-024=10,TSV-315=10,TSV-027=10
            -LOGFILE /home/VLSI/new/synthesis/test_scripts/testresults/logs/log_verify_test_structures_ASSUMED_050824165854-448559000
            -STDOUT summary
[end TDA_009]


-------------------------------------------------------------------------------
*                      Message Summary                                        *
-------------------------------------------------------------------------------
 Count  Number             First Instance of Message Text
------- ------             ------------------------------

  INFO Messages...
      1 INFO (TFW-117): Modus checked out a Modus_Test license.   
      1 INFO (TFW-119): Modus checked in a Modus_Test license.   
      1 INFO (TLM-055): Design Summary
      1 INFO (TSV-006): Analyze test clocks' control of memory elements was invoked.  However, there are no active memory elements on the product under test.    
      1 INFO (TSV-900): verify_test_structures processing has started Wed May  8 16:58:54 2024     
      1 INFO (TSV-908): verify_test_structures processing complete.    

  WARNING [Severe] Messages...
      1 WARNING (TSV-070): [Severe]: No scan chain has been defined in an assumed scan testmode.    

 For a detailed explanation of a message and a suggested user response execute 'msgHelp <message id>'.  For example: msgHelp TDA-009

-------------------------------------------------------------------------------
@file(./test_scripts/runmodus.atpg.tcl) 69: check_log log_verify_test_structures_ASSUMED
-------------------------------------------------------------------------------
Checking Log: log_verify_test_structures_ASSUMED
STOP_ON_MSG_SEVERITY not exceeded. Processing Continues.
-------------------------------------------------------------------------------
@file(./test_scripts/runmodus.atpg.tcl) 74: build_faultmodel \
    -includedynamic	 no \
 
INFO (TUI-772): The command 'build_faultmodel' will release the currently acquired resources. Please set the context and circuit state after completion of the command. [end TUI_772] 

sh: /home/installs/MODUS201/tools.lnx86/bin/64bit/lmhostid: No such file or directory
Starting Command: build_faultmodel 
INFO (TDA-014): Cadence(R) Modus(TM) DFT Software Solution, Version 20.12-s002_1, built Feb 26 2021 (linux26_64) [end TDA_014]
INFO (TDA-009): Options/Values information.
            (options marked with '*' have program generated values,
             options marked with '+' were specified to default.)

            -WORKDIR /home/VLSI/new/synthesis/test_scripts

            -LOGFILE /home/VLSI/new/synthesis/test_scripts/testresults/logs/log_build_faultmodel_050824165856-398394000
            -STDOUT summary
            -includedynamic no
[end TDA_009]


-------------------------------------------------------------------------------
*                      Message Summary                                        *
-------------------------------------------------------------------------------
 Count  Number             First Instance of Message Text
------- ------             ------------------------------

  INFO Messages...
      1 INFO (TFM-099): Build Fault Model started.   
      1 INFO (TFM-102): Creating faultModel file /home/VLSI/new/synthesis/test_scripts/tbdata/faultModel.   
      1 INFO (TFM-103): Creating faultStatus file /home/VLSI/new/synthesis/test_scripts/tbdata/faultStatus.   
      1 INFO (TFM-109): Build Fault Model has completed with highest level severity message of INFO.   
      1 INFO (TFM-137): Assumed Scan test mode ASSUMED found.  Overriding the following options:
      1 INFO (TFM-704): Maximum Global Test Coverage Statistics: 
      1 INFO (TFW-117): Modus checked out a Modus_Test license.   
      1 INFO (TFW-119): Modus checked in a Modus_Test license.   

 For a detailed explanation of a message and a suggested user response execute 'msgHelp <message id>'.  For example: msgHelp TDA-009

-------------------------------------------------------------------------------
@file(./test_scripts/runmodus.atpg.tcl) 77: check_log log_build_faultmodel
-------------------------------------------------------------------------------
Checking Log: log_build_faultmodel
STOP_ON_MSG_SEVERITY not exceeded. Processing Continues.
-------------------------------------------------------------------------------
@file(./test_scripts/runmodus.atpg.tcl) 82: create_logic_tests \
    -experiment	 adder_atpg \
    -testmode	 ASSUMED \

check_log log_create_logic_tests_ASSUMED_adder_atpg
Starting Command: create_logic_tests 
INFO (TDA-014): Cadence(R) Modus(TM) DFT Software Solution, Version 20.12-s002_1, built Feb 26 2021 (linux26_64) [end TDA_014]
INFO (TDA-009): Options/Values information.
            (options marked with '*' have program generated values,
             options marked with '+' were specified to default.)

            -WORKDIR /home/VLSI/new/synthesis/test_scripts
            -TESTMODE ASSUMED
            -EXPERIMENT adder_atpg

            -LOGFILE /home/VLSI/new/synthesis/test_scripts/testresults/logs/log_create_logic_tests_ASSUMED_adder_atpg_050824165857-740177000
            -STDOUT summary
[end TDA_009]
INFO (TDA-220):   --- Tests ---   Faults     ---- ATCov ----   -- Faults --   - Elapsed Time -  [end TDA_220] 
INFO (TDA-220):    Sim.    Eff.  Detected    Tmode    Global     Untested                       [end TDA_220] 
INFO (TDA-220):      3       2         20    99.99%   90.91%            0           00:00.08    [end TDA_220] 


-------------------------------------------------------------------------------
*                      Message Summary                                        *
-------------------------------------------------------------------------------
 Count  Number             First Instance of Message Text
------- ------             ------------------------------

  INFO Messages...
      3 INFO (TDA-220):   --- Tests ---   Faults     ---- ATCov ----   -- Faults --   - Elapsed Time -   
      1 INFO (TFW-117): Modus checked out a Modus_Test license.   
      1 INFO (TFW-119): Modus checked in a Modus_Test license.   
      1 INFO (TTC-107): There are no scan chains in this circuit, therefore no scan chain tests will be generated.   
      2 INFO (TTC-110): Starting Static Logic Test generation                                            

  WARNING [Severe] Messages...
      1 WARNING (TTC-018): [Severe] verify_test_structures issued Severe messages related to Stored Pattern tests.  Invalid test data may result.   

 For a detailed explanation of a message and a suggested user response execute 'msgHelp <message id>'.  For example: msgHelp TDA-009

-------------------------------------------------------------------------------
-------------------------------------------------------------------------------
Checking Log: log_create_logic_tests_ASSUMED_adder_atpg
STOP_ON_MSG_SEVERITY not exceeded. Processing Continues.
-------------------------------------------------------------------------------
@file(./test_scripts/runmodus.atpg.tcl) 91: report_vectors \
    -experiment	 adder_atpg \
    -testmode	 ASSUMED 
Starting Command: report_vectors 
INFO (TDA-014): Cadence(R) Modus(TM) DFT Software Solution, Version 20.12-s002_1, built Feb 26 2021 (linux26_64) [end TDA_014]
INFO (TDA-009): Options/Values information.
            (options marked with '*' have program generated values,
             options marked with '+' were specified to default.)

            -WORKDIR /home/VLSI/new/synthesis/test_scripts
            -TESTMODE ASSUMED
            -EXPERIMENT adder_atpg

            -LOGFILE /home/VLSI/new/synthesis/test_scripts/testresults/logs/log_report_vectors_ASSUMED_adder_atpg_050824165859-214953000
            -STDOUT summary
[end TDA_009]


-------------------------------------------------------------------------------
*                      Message Summary                                        *
-------------------------------------------------------------------------------
 Count  Number             First Instance of Message Text
------- ------             ------------------------------

  INFO Messages...
      1 INFO (TBD-801): report_vectors Output file will be /home/VLSI/new/synthesis/test_scripts/testresults/TBDpatt.ASSUMED.adder_atpg
      1 INFO (TFW-117): Modus checked out a Modus_Test license.   
      1 INFO (TFW-119): Modus checked in a Modus_Test license.   

 For a detailed explanation of a message and a suggested user response execute 'msgHelp <message id>'.  For example: msgHelp TDA-009

-------------------------------------------------------------------------------
@file(./test_scripts/runmodus.atpg.tcl) 95: check_log log_report_vectors_ASSUMED_adder_atpg
-------------------------------------------------------------------------------
Checking Log: log_report_vectors_ASSUMED_adder_atpg
STOP_ON_MSG_SEVERITY not exceeded. Processing Continues.
-------------------------------------------------------------------------------
@file(./test_scripts/runmodus.atpg.tcl) 97: exit
